 ⚠ `devIndicators.buildActivity` is deprecated and no longer configurable. Please remove it from next.config.mjs.
 ⚠ Invalid next.config.mjs options detected: 
 ⚠     Unrecognized key(s) in object: 'swcMinify', 'swcPlugins', 'webfontLoader'
 ⚠ See more info here: https://nextjs.org/docs/messages/invalid-next-config
 ⚠ Warning: Next.js inferred your workspace root, but it may not be correct.
 We detected multiple lockfiles and selected the directory of C:\Users\saipr\package-lock.json as the root directory.
 To silence this warning, set `outputFileTracingRoot` in your Next.js config, or consider removing one of the lockfiles if it's not needed.
   See https://nextjs.org/docs/app/api-reference/config/next-config-js/output#caveats for more information.
 Detected additional lockfiles: 
   * C:\Users\saipr\Downloads\Rhiley\chat\package-lock.json

   ▲ Next.js 15.5.6
   - Experiments (use with caution):
     ✓ optimizeCss
     · optimizePackageImports

   Creating an optimized production build ...
 ✓ Compiled successfully in 3.0s
   Skipping validation of types
   Linting ...
 ⨯ ESLint must be installed in order to run during builds: npm install --save-dev eslint
   Collecting page data ...
   Generating static pages (0/4) ...
Error occurred prerendering page "/404". Read more: https://nextjs.org/docs/messages/prerender-error
[Error: Cannot find module 'critters'
Require stack:
- C:\Users\saipr\Downloads\Rhiley\chat\node_modules\next\dist\compiled\next-server\pages.runtime.prod.js
- C:\Users\saipr\Downloads\Rhiley\chat\.next\server\pages\_document.js
- C:\Users\saipr\Downloads\Rhiley\chat\node_modules\next\dist\server\require.js
- C:\Users\saipr\Downloads\Rhiley\chat\node_modules\next\dist\server\load-components.js
- C:\Users\saipr\Downloads\Rhiley\chat\node_modules\next\dist\build\utils.js
- C:\Users\saipr\Downloads\Rhiley\chat\node_modules\next\dist\build\worker.js
- C:\Users\saipr\Downloads\Rhiley\chat\node_modules\next\dist\compiled\jest-worker\processChild.js] {
  code: 'MODULE_NOT_FOUND',
  requireStack: [Array]
}
Export encountered an error on /_error: /404, exiting the build.
 ⨯ Next.js build worker exited with code: 1 and signal: null
